{
  "RSpec": {
    "coverage": {
      "/Users/danielmartinez-gatell/Projects/bank_challenge/spec/account_spec.rb": [
        1,
        1,
        null,
        1,
        null,
        5,
        5,
        null,
        1,
        1,
        1,
        1,
        null,
        null,
        1,
        1,
        1,
        null,
        null,
        null,
        1,
        1,
        1,
        1,
        1,
        1,
        1,
        1,
        null,
        null,
        null,
        1,
        1,
        2,
        1,
        2,
        1,
        2,
        1,
        1,
        null,
        null,
        null,
        null
      ],
      "/Users/danielmartinez-gatell/Projects/bank_challenge/lib/account.rb": [
        null,
        1,
        1,
        4,
        4,
        4,
        null,
        null,
        1,
        2,
        null,
        null,
        1,
        5,
        null,
        null,
        1,
        3,
        null,
        null,
        null
      ],
      "/Users/danielmartinez-gatell/Projects/bank_challenge/lib/transaction.rb": [
        null,
        1,
        null,
        1,
        7,
        null,
        null,
        1,
        4,
        null,
        null,
        1,
        1,
        null,
        null,
        null
      ],
      "/Users/danielmartinez-gatell/Projects/bank_challenge/spec/transaction_spec.rb": [
        1,
        null,
        1,
        1,
        1,
        1,
        1,
        null,
        null,
        null,
        1,
        1,
        1,
        1,
        null,
        null,
        null,
        1,
        1,
        1,
        1,
        1,
        null,
        null,
        null,
        null
      ]
    },
    "timestamp": 1580143295
  }
}
