{
  "RSpec": {
    "coverage": {
      "/Users/danielmartinez-gatell/Projects2/bank_challenge/spec/account_spec.rb": [
        1,
        1,
        null,
        1,
        null,
        5,
        5,
        null,
        1,
        1,
        1,
        1,
        1,
        1,
        null,
        null,
        1,
        1,
        1,
        1,
        1,
        null,
        null,
        null,
        1,
        1,
        1,
        1,
        1,
        1,
        1,
        1,
        1,
        1,
        1,
        1,
        1,
        null,
        null,
        null,
        1,
        1,
        2,
        1,
        2,
        1,
        2,
        1,
        1,
        null,
        null,
        null,
        null
      ],
      "/Users/danielmartinez-gatell/Projects2/bank_challenge/lib/account.rb": [
        null,
        1,
        null,
        1,
        7,
        7,
        7,
        7,
        7,
        null,
        null,
        1,
        9,
        9,
        null,
        null,
        1,
        10,
        10,
        null,
        null,
        1,
        8,
        8,
        null,
        null,
        1,
        1,
        null,
        null,
        null
      ],
      "/Users/danielmartinez-gatell/Projects2/bank_challenge/lib/transaction.rb": [
        null,
        1,
        1,
        1,
        null,
        1,
        3,
        null,
        null,
        1,
        3,
        3,
        3,
        3,
        null,
        null,
        1,
        2,
        2,
        2,
        2,
        null,
        null,
        1,
        1,
        null,
        null,
        null
      ],
      "/Users/danielmartinez-gatell/Projects2/bank_challenge/lib/statement.rb": [
        1,
        null,
        1,
        1,
        null,
        null,
        1,
        2,
        2,
        2,
        2,
        2,
        2,
        2,
        2,
        2,
        6,
        2,
        null,
        4,
        null,
        null,
        null,
        null,
        null,
        null
      ],
      "/Users/danielmartinez-gatell/Projects2/bank_challenge/spec/features/user_can_view_statement_spec.rb": [
        1,
        1,
        1,
        null,
        1,
        null,
        1,
        1,
        1,
        1,
        1,
        1,
        2,
        null,
        null,
        null,
        null
      ],
      "/Users/danielmartinez-gatell/Projects2/bank_challenge/spec/statement_spec.rb": [
        1,
        null,
        1,
        null,
        3,
        3,
        3,
        null,
        1,
        1,
        1,
        1,
        1,
        1,
        1,
        1,
        1,
        1,
        1,
        1,
        null,
        null,
        null,
        1,
        1,
        1,
        1,
        1,
        1,
        1,
        1,
        1,
        1,
        1,
        null,
        2,
        1,
        1,
        2,
        1,
        1,
        2,
        1,
        1,
        null,
        1,
        1,
        1,
        1,
        1,
        1,
        1,
        1,
        1,
        null,
        2,
        null,
        null,
        null,
        null,
        null,
        null,
        null,
        null,
        null
      ],
      "/Users/danielmartinez-gatell/Projects2/bank_challenge/spec/transaction_spec.rb": [
        1,
        null,
        1,
        1,
        1,
        1,
        1,
        null,
        null,
        null,
        1,
        1,
        1,
        1,
        null,
        null,
        null,
        null
      ]
    },
    "timestamp": 1582560117
  }
}
